[2025-10-21 07:47:37] [INFO] Testing Microsoft Graph API connection...
[2025-10-21 07:47:38] [INFO] Successfully obtained access token, expires at: 10/21/2025 8:47:37 AM
[2025-10-21 07:47:38] [WARN] Request attempt 1 failed, retrying: The remote server returned an error: (403) Forbidden.
[2025-10-21 07:47:41] [WARN] Request attempt 2 failed, retrying: The remote server returned an error: (403) Forbidden.
[2025-10-21 07:47:43] [ERROR] Connection test failed
System.Net.WebException: The remote server returned an error: (403) Forbidden.
   at System.Net.HttpWebRequest.GetResponse()
   at EmailAutomationLegacy.Services.GraphApiClient.ExecuteRequest[T](String method, String endpoint, Object body) in C:\Users\Hagan\Desktop\Projects\Projects\schaeffler-dev-stop-email-auto-service-csharp-implementation\Services\GraphApiClient.cs:line 89
   at EmailAutomationLegacy.Services.GraphApiClient.Get[T](String endpoint) in C:\Users\Hagan\Desktop\Projects\Projects\schaeffler-dev-stop-email-auto-service-csharp-implementation\Services\GraphApiClient.cs:line 24
   at EmailAutomationLegacy.Services.EmailProcessor.TestConnection() in C:\Users\Hagan\Desktop\Projects\Projects\schaeffler-dev-stop-email-auto-service-csharp-implementation\Services\EmailProcessor.cs:line 42
[2025-10-21 07:52:27] [INFO] Testing Microsoft Graph API connection...
[2025-10-21 07:52:28] [INFO] Successfully obtained access token, expires at: 10/21/2025 8:52:27 AM
[2025-10-21 07:52:29] [WARN] Request attempt 1 failed, retrying: The remote server returned an error: (403) Forbidden.
[2025-10-21 07:52:31] [WARN] Request attempt 2 failed, retrying: The remote server returned an error: (403) Forbidden.
[2025-10-21 07:52:34] [ERROR] Connection test failed
System.Net.WebException: The remote server returned an error: (403) Forbidden.
   at System.Net.HttpWebRequest.GetResponse()
   at EmailAutomationLegacy.Services.GraphApiClient.ExecuteRequest[T](String method, String endpoint, Object body) in C:\Users\Hagan\Desktop\Projects\Projects\schaeffler-dev-stop-email-auto-service-csharp-implementation\Services\GraphApiClient.cs:line 89
   at EmailAutomationLegacy.Services.GraphApiClient.Get[T](String endpoint) in C:\Users\Hagan\Desktop\Projects\Projects\schaeffler-dev-stop-email-auto-service-csharp-implementation\Services\GraphApiClient.cs:line 24
   at EmailAutomationLegacy.Services.EmailProcessor.TestConnection() in C:\Users\Hagan\Desktop\Projects\Projects\schaeffler-dev-stop-email-auto-service-csharp-implementation\Services\EmailProcessor.cs:line 42
[2025-10-21 07:55:21] [INFO] Testing Microsoft Graph API connection...
[2025-10-21 07:55:22] [INFO] Successfully obtained access token, expires at: 10/21/2025 8:55:21 AM
[2025-10-21 07:55:22] [WARN] Request attempt 1 failed, retrying: The remote server returned an error: (403) Forbidden.
[2025-10-21 07:55:25] [WARN] Request attempt 2 failed, retrying: The remote server returned an error: (403) Forbidden.
[2025-10-21 07:55:27] [ERROR] Connection test failed
System.Net.WebException: The remote server returned an error: (403) Forbidden.
   at System.Net.HttpWebRequest.GetResponse()
   at EmailAutomationLegacy.Services.GraphApiClient.ExecuteRequest[T](String method, String endpoint, Object body) in C:\Users\Hagan\Desktop\Projects\Projects\schaeffler-dev-stop-email-auto-service-csharp-implementation\Services\GraphApiClient.cs:line 89
   at EmailAutomationLegacy.Services.GraphApiClient.Get[T](String endpoint) in C:\Users\Hagan\Desktop\Projects\Projects\schaeffler-dev-stop-email-auto-service-csharp-implementation\Services\GraphApiClient.cs:line 24
   at EmailAutomationLegacy.Services.EmailProcessor.TestConnection() in C:\Users\Hagan\Desktop\Projects\Projects\schaeffler-dev-stop-email-auto-service-csharp-implementation\Services\EmailProcessor.cs:line 42
[2025-10-21 07:56:14] [INFO] Testing Microsoft Graph API connection...
[2025-10-21 07:56:15] [INFO] Successfully obtained access token, expires at: 10/21/2025 8:56:14 AM
[2025-10-21 07:56:15] [WARN] Request attempt 1 failed, retrying: The remote server returned an error: (403) Forbidden.
[2025-10-21 07:56:18] [WARN] Request attempt 2 failed, retrying: The remote server returned an error: (403) Forbidden.
[2025-10-21 07:56:20] [ERROR] Connection test failed
System.Net.WebException: The remote server returned an error: (403) Forbidden.
   at System.Net.HttpWebRequest.GetResponse()
   at EmailAutomationLegacy.Services.GraphApiClient.ExecuteRequest[T](String method, String endpoint, Object body) in C:\Users\Hagan\Desktop\Projects\Projects\schaeffler-dev-stop-email-auto-service-csharp-implementation\Services\GraphApiClient.cs:line 89
   at EmailAutomationLegacy.Services.GraphApiClient.Get[T](String endpoint) in C:\Users\Hagan\Desktop\Projects\Projects\schaeffler-dev-stop-email-auto-service-csharp-implementation\Services\GraphApiClient.cs:line 24
   at EmailAutomationLegacy.Services.EmailProcessor.TestConnection() in C:\Users\Hagan\Desktop\Projects\Projects\schaeffler-dev-stop-email-auto-service-csharp-implementation\Services\EmailProcessor.cs:line 42
[2025-10-21 08:22:38] [INFO] Testing Microsoft Graph API connection...
[2025-10-21 08:22:39] [INFO] Successfully obtained access token, expires at: 10/21/2025 9:22:38 AM
[2025-10-21 08:22:40] [WARN] Request attempt 1 failed, retrying: The remote server returned an error: (403) Forbidden.
[2025-10-21 08:22:46] [WARN] Request attempt 2 failed, retrying: The remote server returned an error: (403) Forbidden.
[2025-10-21 08:23:44] [INFO] Testing Microsoft Graph API connection...
[2025-10-21 08:23:45] [INFO] Successfully obtained access token, expires at: 10/21/2025 9:23:44 AM
[2025-10-21 08:23:46] [WARN] Request attempt 1 failed, retrying: The remote server returned an error: (403) Forbidden.
[2025-10-21 08:23:48] [WARN] Request attempt 2 failed, retrying: The remote server returned an error: (403) Forbidden.
[2025-10-21 08:23:51] [ERROR] Connection test failed
System.Net.WebException: The remote server returned an error: (403) Forbidden.
   at System.Net.HttpWebRequest.GetResponse()
   at EmailAutomationLegacy.Services.GraphApiClient.ExecuteRequest[T](String method, String endpoint, Object body) in C:\Users\Hagan\Desktop\Projects\Projects\schaeffler-dev-stop-email-auto-service-csharp-implementation\Services\GraphApiClient.cs:line 89
   at EmailAutomationLegacy.Services.GraphApiClient.Get[T](String endpoint) in C:\Users\Hagan\Desktop\Projects\Projects\schaeffler-dev-stop-email-auto-service-csharp-implementation\Services\GraphApiClient.cs:line 24
   at EmailAutomationLegacy.Services.EmailProcessor.TestConnection() in C:\Users\Hagan\Desktop\Projects\Projects\schaeffler-dev-stop-email-auto-service-csharp-implementation\Services\EmailProcessor.cs:line 42
[2025-10-21 08:27:12] [INFO] Testing Microsoft Graph API connection...
[2025-10-21 08:27:13] [INFO] Successfully obtained access token, expires at: 10/21/2025 9:27:12 AM
[2025-10-21 08:47:26] [INFO] Testing Microsoft Graph API connection...
[2025-10-21 08:47:27] [INFO] Successfully obtained access token, expires at: 10/21/2025 9:47:26 AM
[2025-10-21 08:54:10] [WARN] Request attempt 1 failed, retrying: The remote server returned an error: (403) Forbidden.
[2025-10-21 08:54:12] [WARN] Request attempt 2 failed, retrying: The remote server returned an error: (403) Forbidden.
[2025-10-21 08:54:15] [ERROR] Connection test failed
System.Net.WebException: The remote server returned an error: (403) Forbidden.
   at System.Net.HttpWebRequest.GetResponse()
   at EmailAutomationLegacy.Services.GraphApiClient.ExecuteRequest[T](String method, String endpoint, Object body) in C:\Users\Hagan\Desktop\Projects\Projects\schaeffler-dev-stop-email-auto-service-csharp-implementation\Services\GraphApiClient.cs:line 89
   at EmailAutomationLegacy.Services.GraphApiClient.Get[T](String endpoint) in C:\Users\Hagan\Desktop\Projects\Projects\schaeffler-dev-stop-email-auto-service-csharp-implementation\Services\GraphApiClient.cs:line 24
   at EmailAutomationLegacy.Services.EmailProcessor.TestConnection() in C:\Users\Hagan\Desktop\Projects\Projects\schaeffler-dev-stop-email-auto-service-csharp-implementation\Services\EmailProcessor.cs:line 42
[2025-10-21 09:00:03] [INFO] Testing Microsoft Graph API connection...
[2025-10-21 09:00:08] [INFO] Successfully obtained access token, expires at: 10/21/2025 10:00:07 AM
[2025-10-21 09:13:01] [WARN] Request attempt 1 failed, retrying: The remote server returned an error: (403) Forbidden.
[2025-10-21 09:13:15] [INFO] Testing Microsoft Graph API connection...
[2025-10-21 09:13:18] [INFO] Successfully obtained access token, expires at: 10/21/2025 10:13:17 AM
[2025-10-21 09:13:45] [WARN] Request attempt 1 failed, retrying: The remote server returned an error: (403) Forbidden.
[2025-10-21 09:13:48] [WARN] Request attempt 2 failed, retrying: The remote server returned an error: (403) Forbidden.
[2025-10-21 09:13:50] [ERROR] Connection test failed
System.Net.WebException: The remote server returned an error: (403) Forbidden.
   at System.Net.HttpWebRequest.GetResponse()
   at EmailAutomationLegacy.Services.GraphApiClient.ExecuteRequest[T](String method, String endpoint, Object body) in C:\Users\Hagan\Desktop\Projects\Projects\schaeffler-dev-stop-email-auto-service-csharp-implementation\Services\GraphApiClient.cs:line 89
   at EmailAutomationLegacy.Services.GraphApiClient.Get[T](String endpoint) in C:\Users\Hagan\Desktop\Projects\Projects\schaeffler-dev-stop-email-auto-service-csharp-implementation\Services\GraphApiClient.cs:line 24
   at EmailAutomationLegacy.Services.EmailProcessor.TestConnection() in C:\Users\Hagan\Desktop\Projects\Projects\schaeffler-dev-stop-email-auto-service-csharp-implementation\Services\EmailProcessor.cs:line 42
[2025-10-21 09:14:36] [INFO] Testing Microsoft Graph API connection...
[2025-10-21 09:14:42] [INFO] Successfully obtained access token, expires at: 10/21/2025 10:14:41 AM
[2025-10-21 09:14:44] [WARN] Request attempt 1 failed, retrying: The remote server returned an error: (403) Forbidden.
[2025-10-21 09:14:48] [WARN] Request attempt 2 failed, retrying: The remote server returned an error: (403) Forbidden.
[2025-10-21 09:14:52] [ERROR] Connection test failed
System.Net.WebException: The remote server returned an error: (403) Forbidden.
   at System.Net.HttpWebRequest.GetResponse()
   at EmailAutomationLegacy.Services.GraphApiClient.ExecuteRequest[T](String method, String endpoint, Object body) in C:\Users\Hagan\Desktop\Projects\Projects\schaeffler-dev-stop-email-auto-service-csharp-implementation\Services\GraphApiClient.cs:line 89
   at EmailAutomationLegacy.Services.GraphApiClient.Get[T](String endpoint) in C:\Users\Hagan\Desktop\Projects\Projects\schaeffler-dev-stop-email-auto-service-csharp-implementation\Services\GraphApiClient.cs:line 24
   at EmailAutomationLegacy.Services.EmailProcessor.TestConnection() in C:\Users\Hagan\Desktop\Projects\Projects\schaeffler-dev-stop-email-auto-service-csharp-implementation\Services\EmailProcessor.cs:line 42
